ERROR - 2026-04-08 11:48:35 --> Unknown column 'created_at' in 'field list'
in SYSTEMPATH\Database\MySQLi\Connection.php on line 300.
 1 SYSTEMPATH\Database\MySQLi\Connection.php(300): mysqli->query('INSERT INTO `users` (`created_at`, `email`, `password`, `role`, `username`)
VALUES (\'2026-04-08 11:48:35\',\'admin123456@gmail.com\',\'$2y$10$TfCvYIWwcDSkQ2XL/fgS4OQzp0Pdvm3Kq4QfJKKD4N7qagOjy0pLi\',\'admin\',\'admin_user\'), (\'2026-04-08 11:48:35\',\'staff@gmail.com\',\'$2y$10$xh74ch5L7v7PnLV41RiMKOktvHDTwc9lYe3S/zIKtyoWdlcfkg/si\',\'staff\',\'staff_member\')', 0)
 2 SYSTEMPATH\Database\BaseConnection.php(910): CodeIgniter\Database\MySQLi\Connection->execute('INSERT INTO `users` (`created_at`, `email`, `password`, `role`, `username`)
VALUES (\'2026-04-08 11:48:35\',\'admin123456@gmail.com\',\'$2y$10$TfCvYIWwcDSkQ2XL/fgS4OQzp0Pdvm3Kq4QfJKKD4N7qagOjy0pLi\',\'admin\',\'admin_user\'), (\'2026-04-08 11:48:35\',\'staff@gmail.com\',\'$2y$10$xh74ch5L7v7PnLV41RiMKOktvHDTwc9lYe3S/zIKtyoWdlcfkg/si\',\'staff\',\'staff_member\')')
 3 SYSTEMPATH\Database\BaseConnection.php(827): CodeIgniter\Database\BaseConnection->simpleQuery('INSERT INTO `users` (`created_at`, `email`, `password`, `role`, `username`)
VALUES (\'2026-04-08 11:48:35\',\'admin123456@gmail.com\',\'$2y$10$TfCvYIWwcDSkQ2XL/fgS4OQzp0Pdvm3Kq4QfJKKD4N7qagOjy0pLi\',\'admin\',\'admin_user\'), (\'2026-04-08 11:48:35\',\'staff@gmail.com\',\'$2y$10$xh74ch5L7v7PnLV41RiMKOktvHDTwc9lYe3S/zIKtyoWdlcfkg/si\',\'staff\',\'staff_member\')')
 4 SYSTEMPATH\Database\BaseBuilder.php(1841): CodeIgniter\Database\BaseConnection->query('INSERT INTO `users` (`created_at`, `email`, `password`, `role`, `username`)
VALUES (\'2026-04-08 11:48:35\',\'admin123456@gmail.com\',\'$2y$10$TfCvYIWwcDSkQ2XL/fgS4OQzp0Pdvm3Kq4QfJKKD4N7qagOjy0pLi\',\'admin\',\'admin_user\'), (\'2026-04-08 11:48:35\',\'staff@gmail.com\',\'$2y$10$xh74ch5L7v7PnLV41RiMKOktvHDTwc9lYe3S/zIKtyoWdlcfkg/si\',\'staff\',\'staff_member\')', null, false)
 5 SYSTEMPATH\Database\BaseBuilder.php(2230): CodeIgniter\Database\BaseBuilder->batchExecute('_insertBatch', 100)
 6 APPPATH\Database\Seeds\UserSeeder.php(40): CodeIgniter\Database\BaseBuilder->insertBatch([...])
 7 SYSTEMPATH\Database\Seeder.php(155): App\Database\Seeds\UserSeeder->run()
 8 SYSTEMPATH\Commands\Database\Seed.php(79): CodeIgniter\Database\Seeder->call('App\\Database\\Seeds\\UserSeeder')
 9 SYSTEMPATH\CLI\Commands.php(74): CodeIgniter\Commands\Database\Seed->run([])
10 SYSTEMPATH\CLI\Console.php(47): CodeIgniter\CLI\Commands->run('db:seed', [...])
11 SYSTEMPATH\Boot.php(442): CodeIgniter\CLI\Console->run()
12 SYSTEMPATH\Boot.php(166): CodeIgniter\Boot::runCommand(Object(CodeIgniter\CLI\Console))
13 ROOTPATH\spark(87): CodeIgniter\Boot::bootSpark(Object(Config\Paths))
ERROR - 2026-04-08 11:51:26 --> Unknown column 'created_at' in 'field list'
in SYSTEMPATH\Database\MySQLi\Connection.php on line 300.
 1 SYSTEMPATH\Database\MySQLi\Connection.php(300): mysqli->query('INSERT INTO `users` (`created_at`, `email`, `password`, `role`, `username`)
VALUES (\'2026-04-08 11:51:26\',\'admin123456@gmail.com\',\'$2y$10$aZtXn7N1RKoig9avhKwAZ.NBeJIg/ekQa/dXoNTP1.CQWbFZRC556\',\'admin\',\'admin_user\'), (\'2026-04-08 11:51:26\',\'staff12345@gmail.com\',\'$2y$10$z.V/2xZPySsiQiHyoUhRN.uPppouNpzalq7liLjeD2wEUfMp4jtUe\',\'staff\',\'staff_member\')', 0)
 2 SYSTEMPATH\Database\BaseConnection.php(910): CodeIgniter\Database\MySQLi\Connection->execute('INSERT INTO `users` (`created_at`, `email`, `password`, `role`, `username`)
VALUES (\'2026-04-08 11:51:26\',\'admin123456@gmail.com\',\'$2y$10$aZtXn7N1RKoig9avhKwAZ.NBeJIg/ekQa/dXoNTP1.CQWbFZRC556\',\'admin\',\'admin_user\'), (\'2026-04-08 11:51:26\',\'staff12345@gmail.com\',\'$2y$10$z.V/2xZPySsiQiHyoUhRN.uPppouNpzalq7liLjeD2wEUfMp4jtUe\',\'staff\',\'staff_member\')')
 3 SYSTEMPATH\Database\BaseConnection.php(827): CodeIgniter\Database\BaseConnection->simpleQuery('INSERT INTO `users` (`created_at`, `email`, `password`, `role`, `username`)
VALUES (\'2026-04-08 11:51:26\',\'admin123456@gmail.com\',\'$2y$10$aZtXn7N1RKoig9avhKwAZ.NBeJIg/ekQa/dXoNTP1.CQWbFZRC556\',\'admin\',\'admin_user\'), (\'2026-04-08 11:51:26\',\'staff12345@gmail.com\',\'$2y$10$z.V/2xZPySsiQiHyoUhRN.uPppouNpzalq7liLjeD2wEUfMp4jtUe\',\'staff\',\'staff_member\')')
 4 SYSTEMPATH\Database\BaseBuilder.php(1841): CodeIgniter\Database\BaseConnection->query('INSERT INTO `users` (`created_at`, `email`, `password`, `role`, `username`)
VALUES (\'2026-04-08 11:51:26\',\'admin123456@gmail.com\',\'$2y$10$aZtXn7N1RKoig9avhKwAZ.NBeJIg/ekQa/dXoNTP1.CQWbFZRC556\',\'admin\',\'admin_user\'), (\'2026-04-08 11:51:26\',\'staff12345@gmail.com\',\'$2y$10$z.V/2xZPySsiQiHyoUhRN.uPppouNpzalq7liLjeD2wEUfMp4jtUe\',\'staff\',\'staff_member\')', null, false)
 5 SYSTEMPATH\Database\BaseBuilder.php(2230): CodeIgniter\Database\BaseBuilder->batchExecute('_insertBatch', 100)
 6 APPPATH\Database\Seeds\UserSeeder.php(40): CodeIgniter\Database\BaseBuilder->insertBatch([...])
 7 SYSTEMPATH\Database\Seeder.php(155): App\Database\Seeds\UserSeeder->run()
 8 SYSTEMPATH\Commands\Database\Seed.php(79): CodeIgniter\Database\Seeder->call('App\\Database\\Seeds\\UserSeeder')
 9 SYSTEMPATH\CLI\Commands.php(74): CodeIgniter\Commands\Database\Seed->run([])
10 SYSTEMPATH\CLI\Console.php(47): CodeIgniter\CLI\Commands->run('db:seed', [...])
11 SYSTEMPATH\Boot.php(442): CodeIgniter\CLI\Console->run()
12 SYSTEMPATH\Boot.php(166): CodeIgniter\Boot::runCommand(Object(CodeIgniter\CLI\Console))
13 ROOTPATH\spark(87): CodeIgniter\Boot::bootSpark(Object(Config\Paths))
